<?xml version="1.0" encoding="UTF-8"?>
<!-- Generated by org.testng.reporters.JUnitReportReporter -->
<testsuite hostname="LAPTOP-TILR9B0F" failures="0" tests="1" name="test.DataValidation" time="0.000" errors="0" timestamp="2023-12-29T10:53:28 IST" skipped="1">
  <testcase classname="test.DataValidation" name="LoginFunctionality" time="0.000">
    <skipped/>
  </testcase> <!-- LoginFunctionality -->
  <system-out/>
</testsuite> <!-- test.DataValidation -->
